<?xml version="1.0" encoding="UTF-8"?>
<!-- Generated by org.testng.reporters.JUnitReportReporter -->
<testsuite hostname="SCD062719" name="testcases.TC_JOOMLA_BANNERS_CLIENTS_001" tests="1" failures="0" timestamp="10 Jul 2015 17:06:09 GMT" time="15.417" errors="0">
  <testcase name="login" time="15.417" classname="testcases.TC_JOOMLA_BANNERS_CLIENTS_001"/>
</testsuite> <!-- testcases.TC_JOOMLA_BANNERS_CLIENTS_001 -->
