<?xml version="1.0" encoding="UTF-8"?>
<!-- Generated by org.testng.reporters.JUnitReportReporter -->
<testsuite hostname="SCD062719" name="testcases.article.TM_Article_001" tests="7" failures="0" timestamp="21 Jul 2015 15:12:39 GMT" time="70.085" errors="0">
  <testcase name="TC_JOOMLA_ARTICLE_004" time="8.381" classname="testcases.article.TM_Article_001"/>
  <testcase name="TC_JOOMLA_ARTICLE_002" time="11.059" classname="testcases.article.TM_Article_001"/>
  <testcase name="TC_JOOMLA_ARTICLE_010" time="7.958" classname="testcases.article.TM_Article_001"/>
  <testcase name="TC_JOOMLA_ARTICLE_005" time="14.792" classname="testcases.article.TM_Article_001"/>
  <testcase name="TC_JOOMLA_ARTICLE_001" time="17.251" classname="testcases.article.TM_Article_001"/>
  <testcase name="TC_JOOMLA_ARTICLE_009" time="2.196" classname="testcases.article.TM_Article_001"/>
  <testcase name="TC_JOOMLA_ARTICLE_003" time="8.448" classname="testcases.article.TM_Article_001"/>
</testsuite> <!-- testcases.article.TM_Article_001 -->
