<?xml version="1.0" encoding="UTF-8"?>
<!-- Generated by org.testng.reporters.JUnitReportReporter -->
<testsuite hostname="SCD062719" name="testcases.TC_Weblink_001_Create" tests="1" failures="0" timestamp="10 Jul 2015 16:55:22 GMT" time="16.403" errors="0">
  <testcase name="TC2_EditWeblink" time="16.403" classname="testcases.TC_Weblink_001_Create"/>
</testsuite> <!-- testcases.TC_Weblink_001_Create -->
