<?xml version="1.0" encoding="UTF-8"?>
<!-- Generated by org.testng.reporters.JUnitReportReporter -->
<testsuite hostname="SCD062719" name="testcases.TC_Article_001_Create" tests="1" failures="0" timestamp="7 Jul 2015 15:51:56 GMT" time="13.926" errors="0">
  <testcase name="TC1_CreateArticle" time="13.926" classname="testcases.TC_Article_001_Create"/>
</testsuite> <!-- testcases.TC_Article_001_Create -->
