<?xml version="1.0" encoding="UTF-8"?>
<!-- Generated by org.testng.reporters.JUnitReportReporter -->
<testsuite hostname="SCD062719" name="testcases.TC_JOOMLA_BANNERS_CLIENTS_001" tests="4" failures="0" timestamp="10 Jul 2015 18:28:43 GMT" time="38.557" errors="0">
  <testcase name="TC_001" time="14.937" classname="testcases.TC_JOOMLA_BANNERS_CLIENTS_001"/>
  <testcase name="TC_002" time="8.897" classname="testcases.TC_JOOMLA_BANNERS_CLIENTS_001"/>
  <testcase name="TC_004" time="7.429" classname="testcases.TC_JOOMLA_BANNERS_CLIENTS_001"/>
  <testcase name="TC_003" time="7.294" classname="testcases.TC_JOOMLA_BANNERS_CLIENTS_001"/>
</testsuite> <!-- testcases.TC_JOOMLA_BANNERS_CLIENTS_001 -->
