<?xml version="1.0" encoding="UTF-8"?>
<!-- Generated by org.testng.reporters.JUnitReportReporter -->
<testsuite hostname="SCD062719" name="pages.loginpage_test" tests="1" failures="0" timestamp="7 Jul 2015 17:13:16 GMT" time="0.824" errors="0">
  <testcase name="enter_user_pass" time="0.824" classname="pages.loginpage_test"/>
</testsuite> <!-- pages.loginpage_test -->
