<?xml version="1.0" encoding="UTF-8"?>
<!-- Generated by org.testng.reporters.JUnitReportReporter -->
<testsuite hostname="SCD062719" name="testcases.bannerClient.TM_BannerClient_001" tests="9" failures="0" timestamp="5 Aug 2015 17:42:39 GMT" time="75.957" errors="0">
  <testcase name="TC_JOOMLA_BANNERS_CLIENTS_009" time="3.875" classname="testcases.bannerClient.TM_BannerClient_001"/>
  <testcase name="TC_JOOMLA_BANNERS_CLIENTS_006" time="10.020" classname="testcases.bannerClient.TM_BannerClient_001"/>
  <testcase name="TC_JOOMLA_BANNERS_CLIENTS_004" time="10.047" classname="testcases.bannerClient.TM_BannerClient_001"/>
  <testcase name="TC_JOOMLA_BANNERS_CLIENTS_007" time="6.417" classname="testcases.bannerClient.TM_BannerClient_001"/>
  <testcase name="TC_JOOMLA_BANNERS_CLIENTS_001" time="10.994" classname="testcases.bannerClient.TM_BannerClient_001"/>
  <testcase name="TC_JOOMLA_BANNERS_CLIENTS_005" time="10.081" classname="testcases.bannerClient.TM_BannerClient_001"/>
  <testcase name="TC_JOOMLA_BANNERS_CLIENTS_008" time="2.907" classname="testcases.bannerClient.TM_BannerClient_001"/>
  <testcase name="TC_JOOMLA_BANNERS_CLIENTS_002" time="11.570" classname="testcases.bannerClient.TM_BannerClient_001"/>
  <testcase name="TC_JOOMLA_BANNERS_CLIENTS_003" time="10.046" classname="testcases.bannerClient.TM_BannerClient_001"/>
</testsuite> <!-- testcases.bannerClient.TM_BannerClient_001 -->
