<?xml version="1.0" encoding="UTF-8"?>
<!-- Generated by org.testng.reporters.JUnitReportReporter -->
<testsuite hostname="LGDN13261-W7C01" name="testcases.TC_article_1_create" tests="1" failures="0" timestamp="24 Jun 2015 01:52:39 GMT" time="2.972" errors="0">
  <testcase name="TC1_CreateArticle" time="2.972" classname="testcases.TC_article_1_create"/>
</testsuite> <!-- testcases.TC_article_1_create -->
