<?xml version="1.0" encoding="UTF-8"?>
<!-- Generated by org.testng.reporters.JUnitReportReporter -->
<testsuite hostname="SCD062719" name="testcases.category.TM_Category_002" tests="5" failures="0" timestamp="4 Aug 2015 06:01:13 GMT" time="95.209" errors="0">
  <testcase name="TC_JOOMLA_CATEGORY_MANAGER_014" time="14.446" classname="testcases.category.TM_Category_002"/>
  <testcase name="TC_JOOMLA_CATEGORY_MANAGER_010" time="26.198" classname="testcases.category.TM_Category_002"/>
  <testcase name="TC_JOOMLA_CATEGORY_MANAGER_013" time="24.141" classname="testcases.category.TM_Category_002"/>
  <testcase name="TC_JOOMLA_CATEGORY_MANAGER_012" time="13.908" classname="testcases.category.TM_Category_002"/>
  <testcase name="TC_JOOMLA_CATEGORY_MANAGER_011" time="16.516" classname="testcases.category.TM_Category_002"/>
</testsuite> <!-- testcases.category.TM_Category_002 -->
