<?xml version="1.0" encoding="UTF-8"?>
<!-- Generated by org.testng.reporters.JUnitReportReporter -->
<testsuite hostname="SCD062719" name="testcases.banners.TM_Banner_002" tests="6" failures="0" timestamp="5 Aug 2015 17:42:39 GMT" time="131.862" errors="0">
  <testcase name="TC_JOOMLA_BANNERS_BANNERS_010" time="82.446" classname="testcases.banners.TM_Banner_002"/>
  <testcase name="TC_JOOMLA_BANNERS_BANNERS_012" time="7.996" classname="testcases.banners.TM_Banner_002"/>
  <testcase name="TC_JOOMLA_BANNERS_BANNERS_011" time="16.634" classname="testcases.banners.TM_Banner_002"/>
  <testcase name="TC_JOOMLA_BANNERS_BANNERS_014" time="0.262" classname="testcases.banners.TM_Banner_002"/>
  <testcase name="TC_JOOMLA_BANNERS_BANNERS_013" time="22.636" classname="testcases.banners.TM_Banner_002"/>
  <testcase name="TC_JOOMLA_BANNERS_BANNERS_017" time="1.888" classname="testcases.banners.TM_Banner_002"/>
</testsuite> <!-- testcases.banners.TM_Banner_002 -->
