<?xml version="1.0" encoding="UTF-8"?>
<!-- Generated by org.testng.reporters.JUnitReportReporter -->
<testsuite hostname="SCD062719" name="testcases.banners.TM_Banner_001" tests="9" failures="0" timestamp="2 Aug 2015 19:26:53 GMT" time="108.017" errors="0">
  <testcase name="TC_JOOMLA_BANNERS_BANNERS_008" time="2.122" classname="testcases.banners.TM_Banner_001"/>
  <testcase name="TC_JOOMLA_BANNERS_BANNERS_005" time="7.705" classname="testcases.banners.TM_Banner_001"/>
  <testcase name="TC_JOOMLA_BANNERS_BANNERS_004" time="7.380" classname="testcases.banners.TM_Banner_001"/>
  <testcase name="TC_JOOMLA_BANNERS_BANNERS_007" time="4.695" classname="testcases.banners.TM_Banner_001"/>
  <testcase name="TC_JOOMLA_BANNERS_BANNERS_002" time="8.981" classname="testcases.banners.TM_Banner_001"/>
  <testcase name="TC_JOOMLA_BANNERS_BANNERS_006" time="7.579" classname="testcases.banners.TM_Banner_001"/>
  <testcase name="TC_JOOMLA_BANNERS_BANNERS_001" time="53.385" classname="testcases.banners.TM_Banner_001"/>
  <testcase name="TC_JOOMLA_BANNERS_BANNERS_009" time="4.131" classname="testcases.banners.TM_Banner_001"/>
  <testcase name="TC_JOOMLA_BANNERS_BANNERS_003" time="12.039" classname="testcases.banners.TM_Banner_001"/>
</testsuite> <!-- testcases.banners.TM_Banner_001 -->
