<?xml version="1.0" encoding="UTF-8"?>
<!-- Generated by org.testng.reporters.JUnitReportReporter -->
<testsuite hostname="SCD062719" name="testcases.banners.TM_Banner_002" tests="6" failures="0" timestamp="2 Aug 2015 22:15:37 GMT" time="138.430" errors="0">
  <testcase name="TC_JOOMLA_BANNERS_BANNERS_013" time="23.106" classname="testcases.banners.TM_Banner_002"/>
  <testcase name="TC_JOOMLA_BANNERS_BANNERS_011" time="15.243" classname="testcases.banners.TM_Banner_002"/>
  <testcase name="TC_JOOMLA_BANNERS_BANNERS_012" time="10.681" classname="testcases.banners.TM_Banner_002"/>
  <testcase name="TC_JOOMLA_BANNERS_BANNERS_014" time="0.346" classname="testcases.banners.TM_Banner_002"/>
  <testcase name="TC_JOOMLA_BANNERS_BANNERS_017" time="2.097" classname="testcases.banners.TM_Banner_002"/>
  <testcase name="TC_JOOMLA_BANNERS_BANNERS_010" time="86.957" classname="testcases.banners.TM_Banner_002"/>
</testsuite> <!-- testcases.banners.TM_Banner_002 -->
