<?xml version="1.0" encoding="UTF-8"?>
<!-- Generated by org.testng.reporters.JUnitReportReporter -->
<testsuite hostname="SCD062719" name="testcases.category.TM_Category_001" tests="9" failures="0" timestamp="2 Aug 2015 09:52:38 GMT" time="79.976" errors="0">
  <testcase name="TC_JOOMLA_CATEGORY_MANAGER_001" time="10.473" classname="testcases.category.TM_Category_001"/>
  <testcase name="TC_JOOMLA_CATEGORY_MANAGER_008" time="2.086" classname="testcases.category.TM_Category_001"/>
  <testcase name="TC_JOOMLA_CATEGORY_MANAGER_004" time="7.364" classname="testcases.category.TM_Category_001"/>
  <testcase name="TC_JOOMLA_CATEGORY_MANAGER_002" time="11.853" classname="testcases.category.TM_Category_001"/>
  <testcase name="TC_JOOMLA_CATEGORY_MANAGER_003" time="9.345" classname="testcases.category.TM_Category_001"/>
  <testcase name="TC_JOOMLA_CATEGORY_MANAGER_009" time="12.043" classname="testcases.category.TM_Category_001"/>
  <testcase name="TC_JOOMLA_CATEGORY_MANAGER_005" time="7.292" classname="testcases.category.TM_Category_001"/>
  <testcase name="TC_JOOMLA_CATEGORY_MANAGER_006" time="7.402" classname="testcases.category.TM_Category_001"/>
  <testcase name="TC_JOOMLA_CATEGORY_MANAGER_007" time="12.118" classname="testcases.category.TM_Category_001"/>
</testsuite> <!-- testcases.category.TM_Category_001 -->
