<?xml version="1.0" encoding="UTF-8"?>
<!-- Generated by org.testng.reporters.JUnitReportReporter -->
<testsuite hostname="SCD062719" name="testcases.bannerClient.TM_BannerClient_002" tests="6" failures="0" timestamp="2 Aug 2015 22:07:56 GMT" time="97.250" errors="0">
  <testcase name="TC_JOOMLA_BANNERS_CLIENTS_011" time="16.587" classname="testcases.bannerClient.TM_BannerClient_002"/>
  <testcase name="TC_JOOMLA_BANNERS_CLIENTS_013" time="20.450" classname="testcases.bannerClient.TM_BannerClient_002"/>
  <testcase name="TC_JOOMLA_BANNERS_CLIENTS_014" time="1.269" classname="testcases.bannerClient.TM_BannerClient_002"/>
  <testcase name="TC_JOOMLA_BANNERS_CLIENTS_010" time="46.500" classname="testcases.bannerClient.TM_BannerClient_002"/>
  <testcase name="TC_JOOMLA_BANNERS_CLIENTS_012" time="6.693" classname="testcases.bannerClient.TM_BannerClient_002"/>
  <testcase name="TC_JOOMLA_BANNERS_CLIENTS_015" time="5.751" classname="testcases.bannerClient.TM_BannerClient_002"/>
</testsuite> <!-- testcases.bannerClient.TM_BannerClient_002 -->
