<?xml version="1.0" encoding="UTF-8"?>
<!-- Generated by org.testng.reporters.JUnitReportReporter -->
<testsuite hostname="SCD062719" name="testcases.bannerClient.TM_BannerClient_002" tests="6" failures="0" timestamp="28 Jul 2015 15:29:18 GMT" time="108.655" errors="0">
  <testcase name="TC_JOOMLA_BANNERS_CLIENTS_011" time="18.984" classname="testcases.bannerClient.TM_BannerClient_002"/>
  <testcase name="TC_JOOMLA_BANNERS_CLIENTS_013" time="21.872" classname="testcases.bannerClient.TM_BannerClient_002"/>
  <testcase name="TC_JOOMLA_BANNERS_CLIENTS_014" time="1.768" classname="testcases.bannerClient.TM_BannerClient_002"/>
  <testcase name="TC_JOOMLA_BANNERS_CLIENTS_010" time="52.265" classname="testcases.bannerClient.TM_BannerClient_002"/>
  <testcase name="TC_JOOMLA_BANNERS_CLIENTS_012" time="7.238" classname="testcases.bannerClient.TM_BannerClient_002"/>
  <testcase name="TC_JOOMLA_BANNERS_CLIENTS_015" time="6.528" classname="testcases.bannerClient.TM_BannerClient_002"/>
</testsuite> <!-- testcases.bannerClient.TM_BannerClient_002 -->
