<?xml version="1.0" encoding="UTF-8"?>
<!-- Generated by org.testng.reporters.JUnitReportReporter -->
<testsuite hostname="SCD062719" name="testcases.banners.TM_Banner_001" tests="9" failures="0" timestamp="5 Aug 2015 17:42:39 GMT" time="106.749" errors="0">
  <testcase name="TC_JOOMLA_BANNERS_BANNERS_002" time="10.326" classname="testcases.banners.TM_Banner_001"/>
  <testcase name="TC_JOOMLA_BANNERS_BANNERS_005" time="9.903" classname="testcases.banners.TM_Banner_001"/>
  <testcase name="TC_JOOMLA_BANNERS_BANNERS_004" time="9.931" classname="testcases.banners.TM_Banner_001"/>
  <testcase name="TC_JOOMLA_BANNERS_BANNERS_006" time="9.898" classname="testcases.banners.TM_Banner_001"/>
  <testcase name="TC_JOOMLA_BANNERS_BANNERS_001" time="37.983" classname="testcases.banners.TM_Banner_001"/>
  <testcase name="TC_JOOMLA_BANNERS_BANNERS_007" time="4.808" classname="testcases.banners.TM_Banner_001"/>
  <testcase name="TC_JOOMLA_BANNERS_BANNERS_009" time="6.599" classname="testcases.banners.TM_Banner_001"/>
  <testcase name="TC_JOOMLA_BANNERS_BANNERS_008" time="2.833" classname="testcases.banners.TM_Banner_001"/>
  <testcase name="TC_JOOMLA_BANNERS_BANNERS_003" time="14.468" classname="testcases.banners.TM_Banner_001"/>
</testsuite> <!-- testcases.banners.TM_Banner_001 -->
