<?xml version="1.0" encoding="UTF-8"?>
<!-- Generated by org.testng.reporters.JUnitReportReporter -->
<testsuite hostname="SCD062719" name="testcases.category.TM_Category_001" tests="9" failures="0" timestamp="5 Aug 2015 17:42:39 GMT" time="99.900" errors="0">
  <testcase name="TC_JOOMLA_CATEGORY_MANAGER_003" time="12.987" classname="testcases.category.TM_Category_001"/>
  <testcase name="TC_JOOMLA_CATEGORY_MANAGER_002" time="13.177" classname="testcases.category.TM_Category_001"/>
  <testcase name="TC_JOOMLA_CATEGORY_MANAGER_009" time="22.837" classname="testcases.category.TM_Category_001"/>
  <testcase name="TC_JOOMLA_CATEGORY_MANAGER_007" time="6.131" classname="testcases.category.TM_Category_001"/>
  <testcase name="TC_JOOMLA_CATEGORY_MANAGER_001" time="12.221" classname="testcases.category.TM_Category_001"/>
  <testcase name="TC_JOOMLA_CATEGORY_MANAGER_004" time="9.879" classname="testcases.category.TM_Category_001"/>
  <testcase name="TC_JOOMLA_CATEGORY_MANAGER_008" time="2.799" classname="testcases.category.TM_Category_001"/>
  <testcase name="TC_JOOMLA_CATEGORY_MANAGER_006" time="9.954" classname="testcases.category.TM_Category_001"/>
  <testcase name="TC_JOOMLA_CATEGORY_MANAGER_005" time="9.915" classname="testcases.category.TM_Category_001"/>
</testsuite> <!-- testcases.category.TM_Category_001 -->
