<?xml version="1.0" encoding="UTF-8"?>
<!-- Generated by org.testng.reporters.JUnitReportReporter -->
<testsuite hostname="LGDN15009-W7D01" name="testcases.bannerClient.TM_BannerClient_001" tests="6" failures="0" timestamp="23 Jul 2015 09:13:33 GMT" time="21.107" errors="0">
  <testcase name="TC_JOOMLA_BANNERS_CLIENTS_001" time="6.510" classname="testcases.bannerClient.TM_BannerClient_001"/>
  <testcase name="TC_JOOMLA_BANNERS_CLIENTS_009" time="2.372" classname="testcases.bannerClient.TM_BannerClient_001"/>
  <testcase name="TC_JOOMLA_BANNERS_CLIENTS_002" time="4.186" classname="testcases.bannerClient.TM_BannerClient_001"/>
  <testcase name="TC_JOOMLA_BANNERS_CLIENTS_003" time="3.092" classname="testcases.bannerClient.TM_BannerClient_001"/>
  <testcase name="TC_JOOMLA_BANNERS_CLIENTS_004" time="3.047" classname="testcases.bannerClient.TM_BannerClient_001"/>
  <testcase name="TC_JOOMLA_BANNERS_CLIENTS_008" time="1.900" classname="testcases.bannerClient.TM_BannerClient_001"/>
</testsuite> <!-- testcases.bannerClient.TM_BannerClient_001 -->
