<?xml version="1.0" encoding="UTF-8"?>
<!-- Generated by org.testng.reporters.JUnitReportReporter -->
<testsuite hostname="SCD062719" name="testcases.bannerClient.TM_BannerClient_002" tests="6" failures="0" timestamp="5 Aug 2015 17:42:39 GMT" time="117.701" errors="0">
  <testcase name="TC_JOOMLA_BANNERS_CLIENTS_013" time="23.776" classname="testcases.bannerClient.TM_BannerClient_002"/>
  <testcase name="TC_JOOMLA_BANNERS_CLIENTS_015" time="6.751" classname="testcases.bannerClient.TM_BannerClient_002"/>
  <testcase name="TC_JOOMLA_BANNERS_CLIENTS_012" time="7.233" classname="testcases.bannerClient.TM_BannerClient_002"/>
  <testcase name="TC_JOOMLA_BANNERS_CLIENTS_014" time="2.104" classname="testcases.bannerClient.TM_BannerClient_002"/>
  <testcase name="TC_JOOMLA_BANNERS_CLIENTS_010" time="57.321" classname="testcases.bannerClient.TM_BannerClient_002"/>
  <testcase name="TC_JOOMLA_BANNERS_CLIENTS_011" time="20.516" classname="testcases.bannerClient.TM_BannerClient_002"/>
</testsuite> <!-- testcases.bannerClient.TM_BannerClient_002 -->
