<?xml version="1.0" encoding="UTF-8"?>
<!-- Generated by org.testng.reporters.JUnitReportReporter -->
<testsuite hostname="SCD062719" name="testcases.category.TM_Category_002" tests="5" failures="0" timestamp="5 Aug 2015 17:42:39 GMT" time="111.430" errors="0">
  <testcase name="TC_JOOMLA_CATEGORY_MANAGER_012" time="39.312" classname="testcases.category.TM_Category_002"/>
  <testcase name="TC_JOOMLA_CATEGORY_MANAGER_011" time="9.467" classname="testcases.category.TM_Category_002"/>
  <testcase name="TC_JOOMLA_CATEGORY_MANAGER_010" time="23.735" classname="testcases.category.TM_Category_002"/>
  <testcase name="TC_JOOMLA_CATEGORY_MANAGER_014" time="14.715" classname="testcases.category.TM_Category_002"/>
  <testcase name="TC_JOOMLA_CATEGORY_MANAGER_013" time="24.201" classname="testcases.category.TM_Category_002"/>
</testsuite> <!-- testcases.category.TM_Category_002 -->
